{
  "RSpec": {
    "coverage": {
      "/Users/andrewbowman/turing_work/1mod/project_futbol/futbol/lib/stat_tracker.rb": {
        "lines": [
          1,
          1,
          1,
          null,
          null,
          1,
          1,
          1,
          1,
          null,
          null,
          1,
          1,
          null,
          null,
          1,
          1,
          null,
          null,
          1,
          1,
          null,
          null,
          1,
          1,
          null,
          null,
          1,
          1,
          null,
          null,
          1,
          1,
          null,
          null,
          1,
          1,
          null,
          null,
          1,
          1,
          null,
          null,
          1,
          0,
          null,
          null,
          1,
          1,
          null,
          null,
          1,
          1,
          null,
          null,
          1,
          1,
          null,
          null,
          null,
          1,
          1,
          null,
          null,
          1,
          1,
          null,
          null,
          1,
          1,
          null,
          null,
          1,
          2,
          null,
          null,
          1,
          1,
          null,
          null,
          1,
          1,
          null,
          null,
          1,
          1,
          null,
          null,
          1,
          1,
          null,
          null,
          1,
          1,
          null,
          null,
          1,
          1,
          null,
          null,
          1,
          1,
          null,
          null,
          1,
          1,
          null,
          null,
          1,
          1,
          null,
          null,
          1,
          1,
          null,
          null,
          1,
          1,
          null,
          null,
          1,
          1,
          null,
          null,
          1,
          1,
          null,
          null,
          1,
          3,
          null,
          null,
          1,
          3,
          null,
          null,
          1,
          4,
          4,
          124,
          null,
          null,
          null,
          1,
          null,
          null,
          null,
          null,
          null,
          1,
          136,
          136,
          null,
          null,
          null,
          null,
          null,
          null,
          null,
          null,
          null,
          null
        ]
      },
      "/Users/andrewbowman/turing_work/1mod/project_futbol/futbol/lib/games.rb": {
        "lines": [
          1,
          null,
          1,
          1,
          1,
          null,
          1,
          3,
          3,
          null,
          null,
          1,
          2,
          2,
          14882,
          14882,
          null,
          2,
          null,
          null,
          1,
          2,
          2,
          14882,
          14882,
          null,
          2,
          null,
          null,
          1,
          2,
          2,
          14882,
          14882,
          14882,
          null,
          2,
          12,
          null,
          null,
          null,
          1,
          2,
          2,
          14882,
          null,
          2,
          null,
          null,
          1,
          2,
          2,
          14882,
          null,
          2,
          null,
          null,
          1,
          2,
          2,
          14882,
          null,
          2,
          null,
          null,
          1,
          2,
          2,
          14882,
          14882,
          null,
          2,
          2,
          null,
          null,
          1,
          2,
          2,
          14882,
          null,
          2,
          null,
          null
        ]
      },
      "/Users/andrewbowman/turing_work/1mod/project_futbol/futbol/lib/requirements.rb": {
        "lines": [
          1,
          1,
          1
        ]
      },
      "/Users/andrewbowman/turing_work/1mod/project_futbol/futbol/lib/stat_reader.rb": {
        "lines": [
          1,
          null,
          1,
          1,
          10,
          109,
          null,
          null
        ]
      },
      "/Users/andrewbowman/turing_work/1mod/project_futbol/futbol/lib/callable.rb": {
        "lines": [
          1,
          1,
          2252962,
          null,
          null,
          1,
          1511466,
          null,
          null,
          1,
          1515546,
          null,
          null,
          1,
          122,
          null,
          null
        ]
      },
      "/Users/andrewbowman/turing_work/1mod/project_futbol/futbol/lib/hashable.rb": {
        "lines": [
          1,
          1,
          1466,
          null,
          null,
          1,
          22665,
          null,
          null
        ]
      },
      "/Users/andrewbowman/turing_work/1mod/project_futbol/futbol/lib/league.rb": {
        "lines": [
          1,
          null,
          1,
          1,
          null,
          null,
          1,
          4,
          4,
          null,
          null,
          1,
          2,
          null,
          2,
          null,
          null,
          null,
          null,
          null,
          null,
          null
        ]
      },
      "/Users/andrewbowman/turing_work/1mod/project_futbol/futbol/lib/game_teams.rb": {
        "lines": [
          1,
          1,
          null,
          1,
          1,
          null,
          1,
          3,
          null,
          null,
          1,
          99,
          null,
          null,
          1,
          99,
          null,
          null,
          1,
          99,
          null,
          null,
          1,
          99,
          null,
          null,
          1,
          99,
          null,
          null,
          1,
          99,
          null,
          null,
          1,
          13,
          null,
          null,
          1,
          13,
          null,
          null,
          1,
          1,
          null,
          null,
          1,
          1,
          null,
          null,
          1,
          1,
          null,
          null,
          1,
          1,
          null,
          null,
          1,
          7,
          null,
          null,
          1,
          6,
          null,
          null,
          1,
          13,
          null,
          null,
          1,
          13,
          null,
          null,
          1,
          1,
          1,
          6,
          6,
          null,
          1,
          null,
          null,
          1,
          1,
          null,
          null,
          1,
          1,
          null,
          null,
          1,
          3,
          null,
          null,
          1,
          3,
          null,
          null,
          1,
          4,
          4,
          4,
          124,
          null,
          4,
          null,
          null,
          1,
          null,
          null,
          null
        ]
      },
      "/Users/andrewbowman/turing_work/1mod/project_futbol/futbol/lib/game_teams_helper.rb": {
        "lines": [
          1,
          null,
          1,
          1,
          1,
          null,
          1,
          18,
          18,
          267876,
          267876,
          267876,
          267876,
          null,
          18,
          null,
          null,
          1,
          2,
          2,
          29764,
          1026,
          1026,
          8,
          1018,
          6,
          null,
          null,
          null,
          2,
          null,
          null,
          1,
          3,
          3,
          44646,
          44646,
          44646,
          null,
          3,
          null,
          null,
          1,
          2,
          2,
          2,
          12,
          12,
          4,
          4,
          8,
          4,
          4,
          null,
          null,
          2,
          2,
          null,
          null,
          1,
          13,
          13,
          193466,
          193466,
          null,
          13,
          null,
          null,
          1,
          13,
          13,
          13,
          793,
          793,
          54,
          54,
          739,
          58,
          58,
          null,
          null,
          13,
          null,
          null,
          1,
          26,
          26,
          386932,
          null,
          26,
          null,
          null,
          1,
          26,
          26,
          26,
          832,
          832,
          132,
          132,
          700,
          64,
          64,
          null,
          null,
          26,
          null,
          null,
          1,
          26,
          26,
          386932,
          386932,
          null,
          26,
          null,
          null,
          1,
          26,
          26,
          26,
          832,
          832,
          96,
          96,
          736,
          70,
          70,
          null,
          null,
          26,
          null,
          null,
          1,
          12,
          12,
          89292,
          89292,
          89292,
          89292,
          89292,
          32244,
          32244,
          32244,
          32244,
          57048,
          38844,
          38844,
          38844,
          38844,
          null,
          18204,
          18204,
          null,
          89292,
          89292,
          null,
          12,
          null,
          null,
          1,
          2,
          2,
          2,
          64,
          64,
          12,
          12,
          52,
          4,
          4,
          null,
          null,
          2,
          null,
          null
        ]
      },
      "/Users/andrewbowman/turing_work/1mod/project_futbol/futbol/spec/games_spec.rb": {
        "lines": [
          1,
          null,
          1,
          1,
          1,
          1,
          1,
          null,
          null,
          1,
          null,
          null,
          null,
          null,
          1,
          1,
          1,
          null,
          null,
          1,
          1,
          1,
          null,
          null,
          null,
          1,
          1,
          1,
          null,
          null,
          1,
          1,
          null,
          null,
          null,
          1,
          1,
          1,
          null,
          null,
          null,
          null,
          null,
          null,
          null,
          1,
          1,
          null,
          null,
          null,
          1,
          1,
          1,
          null,
          null,
          1,
          1,
          null,
          null,
          1,
          1,
          null,
          null,
          null,
          1,
          1,
          1,
          null,
          null,
          null,
          null,
          null,
          null,
          null,
          null
        ]
      },
      "/Users/andrewbowman/turing_work/1mod/project_futbol/futbol/spec/league_spec.rb": {
        "lines": [
          1,
          1,
          1,
          null,
          1,
          1,
          1,
          1,
          1,
          null,
          null,
          1,
          null,
          null,
          null,
          null,
          1,
          null,
          null,
          1,
          1,
          1,
          1,
          1,
          null,
          null,
          null
        ]
      },
      "/Users/andrewbowman/turing_work/1mod/project_futbol/futbol/spec/stat_tracker_spec.rb": {
        "lines": [
          1,
          null,
          1,
          1,
          1,
          1,
          1,
          null,
          null,
          1,
          null,
          null,
          null,
          null,
          1,
          null,
          null,
          1,
          1,
          1,
          null,
          null,
          1,
          1,
          null,
          null,
          1,
          1,
          1,
          1,
          1,
          null,
          null,
          1,
          1,
          null,
          null,
          1,
          1,
          null,
          null,
          1,
          1,
          null,
          null,
          1,
          1,
          null,
          null,
          1,
          1,
          null,
          null,
          1,
          1,
          null,
          null,
          1,
          1,
          null,
          null,
          1,
          1,
          null,
          null,
          1,
          1,
          null,
          null,
          1,
          1,
          null,
          null,
          1,
          1,
          null,
          null,
          null,
          1,
          1,
          1,
          1,
          null,
          null,
          1,
          1,
          null,
          null,
          1,
          1,
          null,
          null,
          1,
          1,
          null,
          null,
          1,
          1,
          null,
          null,
          1,
          1,
          null,
          null,
          1,
          null,
          1,
          null,
          null,
          null,
          null,
          null,
          null,
          1,
          null,
          null,
          1,
          1,
          null,
          null,
          1,
          1,
          null,
          null,
          1,
          1,
          null,
          null,
          1,
          1,
          null,
          null,
          1,
          1,
          null,
          null,
          1,
          1,
          null,
          null,
          1,
          1,
          null,
          null,
          1,
          1,
          1,
          1,
          null,
          null,
          1,
          1,
          1,
          1,
          null,
          null,
          1,
          1,
          null,
          null,
          null,
          null,
          null,
          null,
          1,
          1,
          1,
          1,
          null,
          null,
          null
        ]
      }
    },
    "timestamp": 1678105144
  }
}
